[debug] [2019-10-03T14:27:38.187Z] ----------------------------------------------------------------------
[debug] [2019-10-03T14:27:38.189Z] Command:       /Users/jimpei/.nodebrew/node/v10.16.0/bin/node /Users/jimpei/.npm-global/bin/firebase deploy --only hosting:qiiiiita
[debug] [2019-10-03T14:27:38.189Z] CLI Version:   7.2.4
[debug] [2019-10-03T14:27:38.189Z] Platform:      darwin
[debug] [2019-10-03T14:27:38.189Z] Node Version:  v10.16.0
[debug] [2019-10-03T14:27:38.193Z] Time:          Thu Oct 03 2019 23:27:38 GMT+0900 (GMT+09:00)
[debug] [2019-10-03T14:27:38.193Z] ----------------------------------------------------------------------
[debug] 
[debug] [2019-10-03T14:27:38.203Z] > command requires scopes: ["email","openid","https://www.googleapis.com/auth/cloudplatformprojects.readonly","https://www.googleapis.com/auth/firebase","https://www.googleapis.com/auth/cloud-platform"]
[debug] [2019-10-03T14:27:38.203Z] > authorizing via signed-in user
[debug] [2019-10-03T14:27:38.203Z] [iam] checking project first-firebase-48edd for permissions ["firebase.projects.get","firebasehosting.sites.update"]
[debug] [2019-10-03T14:27:38.204Z] >>> HTTP REQUEST POST https://cloudresourcemanager.googleapis.com/v1/projects/first-firebase-48edd:testIamPermissions  

[debug] [2019-10-03T14:27:39.149Z] <<< HTTP RESPONSE 200
[debug] [2019-10-03T14:27:39.152Z] >>> HTTP REQUEST GET https://firebase.googleapis.com/v1beta1/projects/first-firebase-48edd  
 
[debug] [2019-10-03T14:27:39.944Z] <<< HTTP RESPONSE 200
[info] 
[info] === Deploying to 'first-firebase-48edd'...
[info] 
[info] i  deploying hosting
[info] 
[info] ✔  Deploy complete!
[info] 
[info] Project Console: https://console.firebase.google.com/project/first-firebase-48edd/overview
[debug] [2019-10-03T14:27:41.671Z] TypeError: Cannot read property 'deploys' of undefined
    at /Users/jimpei/.npm-global/lib/node_modules/firebase-tools/lib/deploy/index.js:84:36
    at process._tickCallback (internal/process/next_tick.js:68:7)
[error] 
[error] Error: An unexpected error has occurred.
